Fold 0
Model 0 best validation accuracy = 0.932727 on epoch 66
Model 0 test accuracy = 0.906710
Model 0 test auc = 0.926339
Model 0 test f1 = 0.721951
Model 0 test mcc = 0.666021
Ensemble test accuracy = 0.906710
Ensemble test auc = 0.926339
Ensemble test f1 = 0.721951
Ensemble test mcc = 0.666021
1-fold cross validation
	Seed 0 ==> test accuracy = 0.906710
	Seed 0 ==> test auc = 0.926339
	Seed 0 ==> test f1 = 0.721951
	Seed 0 ==> test mcc = 0.666021
Overall test accuracy = 0.906710 +/- 0.000000
Overall test auc = 0.926339 +/- 0.000000
Overall test f1 = 0.721951 +/- 0.000000
Overall test mcc = 0.666021 +/- 0.000000
Elapsed time = 0:58:01
