Fold 0
Model 0 best validation accuracy = 0.940000 on epoch 96
Model 0 test accuracy = 0.929624
Model 0 test auc = 0.940261
Model 0 test f1 = 0.796209
Model 0 test mcc = 0.755315
Ensemble test accuracy = 0.929624
Ensemble test auc = 0.940261
Ensemble test f1 = 0.796209
Ensemble test mcc = 0.755315
1-fold cross validation
	Seed 0 ==> test accuracy = 0.929624
	Seed 0 ==> test auc = 0.940261
	Seed 0 ==> test f1 = 0.796209
	Seed 0 ==> test mcc = 0.755315
Overall test accuracy = 0.929624 +/- 0.000000
Overall test auc = 0.940261 +/- 0.000000
Overall test f1 = 0.796209 +/- 0.000000
Overall test mcc = 0.755315 +/- 0.000000
Elapsed time = 0:24:34
