Fold 0
Model 0 best validation accuracy = 0.918182 on epoch 61
Model 0 test accuracy = 0.900164
Model 0 test auc = 0.921442
Model 0 test f1 = 0.696517
Model 0 test mcc = 0.638985
Ensemble test accuracy = 0.900164
Ensemble test auc = 0.921442
Ensemble test f1 = 0.696517
Ensemble test mcc = 0.638985
1-fold cross validation
	Seed 0 ==> test accuracy = 0.900164
	Seed 0 ==> test auc = 0.921442
	Seed 0 ==> test f1 = 0.696517
	Seed 0 ==> test mcc = 0.638985
Overall test accuracy = 0.900164 +/- 0.000000
Overall test auc = 0.921442 +/- 0.000000
Overall test f1 = 0.696517 +/- 0.000000
Overall test mcc = 0.638985 +/- 0.000000
Elapsed time = 0:16:51
