Fold 0
Model 0 best validation accuracy = 0.921818 on epoch 49
Model 0 test accuracy = 0.898527
Model 0 test auc = 0.927751
Model 0 test f1 = 0.750000
Model 0 test mcc = 0.686345
Ensemble test accuracy = 0.898527
Ensemble test auc = 0.927751
Ensemble test f1 = 0.750000
Ensemble test mcc = 0.686345
1-fold cross validation
	Seed 0 ==> test accuracy = 0.898527
	Seed 0 ==> test auc = 0.927751
	Seed 0 ==> test f1 = 0.750000
	Seed 0 ==> test mcc = 0.686345
Overall test accuracy = 0.898527 +/- 0.000000
Overall test auc = 0.927751 +/- 0.000000
Overall test f1 = 0.750000 +/- 0.000000
Overall test mcc = 0.686345 +/- 0.000000
Elapsed time = 0:22:34
