Fold 0
Model 0 best validation accuracy = 0.941818 on epoch 88
Model 0 test accuracy = 0.914894
Model 0 test auc = 0.938214
Model 0 test f1 = 0.769912
Model 0 test mcc = 0.721552
Ensemble test accuracy = 0.914894
Ensemble test auc = 0.938214
Ensemble test f1 = 0.769912
Ensemble test mcc = 0.721552
1-fold cross validation
	Seed 0 ==> test accuracy = 0.914894
	Seed 0 ==> test auc = 0.938214
	Seed 0 ==> test f1 = 0.769912
	Seed 0 ==> test mcc = 0.721552
Overall test accuracy = 0.914894 +/- 0.000000
Overall test auc = 0.938214 +/- 0.000000
Overall test f1 = 0.769912 +/- 0.000000
Overall test mcc = 0.721552 +/- 0.000000
Elapsed time = 0:27:22
